[2025-04-11 20:20:32Z INFO HostContext] No proxy settings were found based on environmental variables (http_proxy/https_proxy/HTTP_PROXY/HTTPS_PROXY)
[2025-04-11 20:20:32Z INFO HostContext] Well known directory 'Bin': 'C:\Users\isaur\OneDrive\Desktop\patient-management\actions-runner\bin'
[2025-04-11 20:20:32Z INFO HostContext] Well known directory 'Root': 'C:\Users\isaur\OneDrive\Desktop\patient-management\actions-runner'
[2025-04-11 20:20:32Z INFO HostContext] Well known config file 'Credentials': 'C:\Users\isaur\OneDrive\Desktop\patient-management\actions-runner\.credentials'
[2025-04-11 20:20:32Z INFO HostContext] Well known directory 'Bin': 'C:\Users\isaur\OneDrive\Desktop\patient-management\actions-runner\bin'
[2025-04-11 20:20:32Z INFO HostContext] Well known directory 'Root': 'C:\Users\isaur\OneDrive\Desktop\patient-management\actions-runner'
[2025-04-11 20:20:32Z INFO HostContext] Well known config file 'Runner': 'C:\Users\isaur\OneDrive\Desktop\patient-management\actions-runner\.runner'
[2025-04-11 20:20:32Z INFO Listener] Runner is built for Windows (X64) - win-x64.
[2025-04-11 20:20:32Z INFO Listener] RuntimeInformation: Microsoft Windows 10.0.26100.
[2025-04-11 20:20:32Z INFO Listener] Version: 2.323.0
[2025-04-11 20:20:32Z INFO Listener] Commit: d8b82f44a9ec0258904d5869ae683c31d5aac299
[2025-04-11 20:20:32Z INFO Listener] Culture: en-IN
[2025-04-11 20:20:32Z INFO Listener] UI Culture: en-US
[2025-04-11 20:20:32Z INFO HostContext] Well known directory 'Bin': 'C:\Users\isaur\OneDrive\Desktop\patient-management\actions-runner\bin'
[2025-04-11 20:20:32Z INFO HostContext] Well known directory 'Root': 'C:\Users\isaur\OneDrive\Desktop\patient-management\actions-runner'
[2025-04-11 20:20:32Z INFO Listener] Validating directory permissions for: 'C:\Users\isaur\OneDrive\Desktop\patient-management\actions-runner'
[2025-04-11 20:20:32Z INFO CommandLineParser] Parse
[2025-04-11 20:20:32Z INFO CommandLineParser] Parsing 1 args
[2025-04-11 20:20:32Z INFO CommandLineParser] parsing argument
[2025-04-11 20:20:32Z INFO CommandLineParser] HasArgs: False
[2025-04-11 20:20:32Z INFO CommandLineParser] Adding Command: remove
[2025-04-11 20:20:32Z INFO Listener] Arguments parsed
[2025-04-11 20:20:32Z INFO Runner] ExecuteCommand
[2025-04-11 20:20:32Z INFO ConfigurationStore] currentAssemblyLocation: C:\Users\isaur\OneDrive\Desktop\patient-management\actions-runner\bin\Runner.Listener.dll
[2025-04-11 20:20:32Z INFO HostContext] Well known directory 'Bin': 'C:\Users\isaur\OneDrive\Desktop\patient-management\actions-runner\bin'
[2025-04-11 20:20:32Z INFO ConfigurationStore] binPath: C:\Users\isaur\OneDrive\Desktop\patient-management\actions-runner\bin
[2025-04-11 20:20:32Z INFO HostContext] Well known directory 'Bin': 'C:\Users\isaur\OneDrive\Desktop\patient-management\actions-runner\bin'
[2025-04-11 20:20:32Z INFO HostContext] Well known directory 'Root': 'C:\Users\isaur\OneDrive\Desktop\patient-management\actions-runner'
[2025-04-11 20:20:32Z INFO ConfigurationStore] RootFolder: C:\Users\isaur\OneDrive\Desktop\patient-management\actions-runner
[2025-04-11 20:20:32Z INFO HostContext] Well known directory 'Bin': 'C:\Users\isaur\OneDrive\Desktop\patient-management\actions-runner\bin'
[2025-04-11 20:20:32Z INFO HostContext] Well known directory 'Root': 'C:\Users\isaur\OneDrive\Desktop\patient-management\actions-runner'
[2025-04-11 20:20:32Z INFO HostContext] Well known config file 'Runner': 'C:\Users\isaur\OneDrive\Desktop\patient-management\actions-runner\.runner'
[2025-04-11 20:20:32Z INFO ConfigurationStore] ConfigFilePath: C:\Users\isaur\OneDrive\Desktop\patient-management\actions-runner\.runner
[2025-04-11 20:20:32Z INFO HostContext] Well known directory 'Bin': 'C:\Users\isaur\OneDrive\Desktop\patient-management\actions-runner\bin'
[2025-04-11 20:20:32Z INFO HostContext] Well known directory 'Root': 'C:\Users\isaur\OneDrive\Desktop\patient-management\actions-runner'
[2025-04-11 20:20:32Z INFO HostContext] Well known config file 'MigratedRunner': 'C:\Users\isaur\OneDrive\Desktop\patient-management\actions-runner\.runner_migrated'
[2025-04-11 20:20:32Z INFO ConfigurationStore] MigratedConfigFilePath: C:\Users\isaur\OneDrive\Desktop\patient-management\actions-runner\.runner_migrated
[2025-04-11 20:20:32Z INFO HostContext] Well known directory 'Bin': 'C:\Users\isaur\OneDrive\Desktop\patient-management\actions-runner\bin'
[2025-04-11 20:20:32Z INFO HostContext] Well known directory 'Root': 'C:\Users\isaur\OneDrive\Desktop\patient-management\actions-runner'
[2025-04-11 20:20:32Z INFO HostContext] Well known config file 'Credentials': 'C:\Users\isaur\OneDrive\Desktop\patient-management\actions-runner\.credentials'
[2025-04-11 20:20:32Z INFO ConfigurationStore] CredFilePath: C:\Users\isaur\OneDrive\Desktop\patient-management\actions-runner\.credentials
[2025-04-11 20:20:32Z INFO HostContext] Well known directory 'Bin': 'C:\Users\isaur\OneDrive\Desktop\patient-management\actions-runner\bin'
[2025-04-11 20:20:32Z INFO HostContext] Well known directory 'Root': 'C:\Users\isaur\OneDrive\Desktop\patient-management\actions-runner'
[2025-04-11 20:20:32Z INFO HostContext] Well known config file 'MigratedCredentials': 'C:\Users\isaur\OneDrive\Desktop\patient-management\actions-runner\.credentials_migrated'
[2025-04-11 20:20:32Z INFO ConfigurationStore] MigratedCredFilePath: C:\Users\isaur\OneDrive\Desktop\patient-management\actions-runner\.credentials_migrated
[2025-04-11 20:20:32Z INFO HostContext] Well known directory 'Bin': 'C:\Users\isaur\OneDrive\Desktop\patient-management\actions-runner\bin'
[2025-04-11 20:20:32Z INFO HostContext] Well known directory 'Root': 'C:\Users\isaur\OneDrive\Desktop\patient-management\actions-runner'
[2025-04-11 20:20:32Z INFO HostContext] Well known config file 'Service': 'C:\Users\isaur\OneDrive\Desktop\patient-management\actions-runner\.service'
[2025-04-11 20:20:32Z INFO ConfigurationStore] ServiceConfigFilePath: C:\Users\isaur\OneDrive\Desktop\patient-management\actions-runner\.service
[2025-04-11 20:20:32Z INFO CommandSettings] Flag 'help': 'False'
[2025-04-11 20:20:32Z INFO CommandSettings] Flag 'version': 'False'
[2025-04-11 20:20:32Z INFO CommandSettings] Flag 'commit': 'False'
[2025-04-11 20:20:32Z INFO CommandSettings] Flag 'check': 'False'
[2025-04-11 20:20:32Z INFO CommandSettings] Command 'configure': 'False'
[2025-04-11 20:20:32Z INFO CommandSettings] Command 'remove': 'True'
[2025-04-11 20:20:32Z INFO CommandSettings] Flag 'local': 'False'
[2025-04-11 20:20:32Z INFO ConfigurationStore] IsServiceConfigured()
[2025-04-11 20:20:32Z INFO ConfigurationStore] IsServiceConfigured: False
[2025-04-11 20:20:32Z INFO ConfigurationStore] IsConfigured()
[2025-04-11 20:20:32Z INFO ConfigurationStore] IsConfigured: True
[2025-04-11 20:20:32Z INFO ConfigurationStore] HasCredentials()
[2025-04-11 20:20:32Z INFO ConfigurationStore] stored True
[2025-04-11 20:20:32Z INFO ConfigurationStore] Read setting file: 318 chars
[2025-04-11 20:20:32Z INFO CommandSettings] Arg 'token': ''
[2025-04-11 20:20:32Z INFO CommandSettings] Flag 'unattended': 'False'
[2025-04-11 20:20:32Z INFO PromptManager] ReadValue
[2025-04-11 20:20:32Z INFO Terminal] WRITE: Enter runner remove token: 
[2025-04-11 20:20:32Z INFO Terminal] READ SECRET
[2025-04-11 20:20:36Z INFO Terminal] Read value: ''
[2025-04-11 20:20:36Z INFO Terminal] WRITE: Enter runner remove token: 
[2025-04-11 20:20:36Z INFO Terminal] READ SECRET
[2025-04-11 20:20:37Z INFO Terminal] Read value: ''
[2025-04-11 20:20:37Z INFO Terminal] WRITE: Enter runner remove token: 
[2025-04-11 20:20:37Z INFO Terminal] READ SECRET
[2025-04-11 20:20:44Z INFO Terminal] Read value: '***'
[2025-04-11 20:20:45Z INFO ConfigurationManager] Http response code: OK from 'POST https://api.github.com/actions/runner-registration' (F944:296B0E:659B1:8BA06:67F9799D)
[2025-04-11 20:20:45Z INFO ConfigurationManager] cred retrieved via GitHub auth
[2025-04-11 20:20:45Z INFO RunnerServer] EstablishVssConnection
[2025-04-11 20:20:45Z INFO RunnerServer] Establish connection with 100 seconds timeout.
[2025-04-11 20:20:45Z INFO GitHubActionsService] Starting operation Location.GetConnectionData
[2025-04-11 20:20:45Z INFO RunnerServer] EstablishVssConnection
[2025-04-11 20:20:45Z INFO RunnerServer] Establish connection with 60 seconds timeout.
[2025-04-11 20:20:45Z INFO GitHubActionsService] Starting operation Location.GetConnectionData
[2025-04-11 20:20:45Z INFO RunnerServer] EstablishVssConnection
[2025-04-11 20:20:45Z INFO RunnerServer] Establish connection with 60 seconds timeout.
[2025-04-11 20:20:45Z INFO GitHubActionsService] Starting operation Location.GetConnectionData
[2025-04-11 20:20:46Z INFO GitHubActionsService] Finished operation Location.GetConnectionData
[2025-04-11 20:20:46Z INFO GitHubActionsService] Finished operation Location.GetConnectionData
[2025-04-11 20:20:46Z INFO GitHubActionsService] Finished operation Location.GetConnectionData
[2025-04-11 20:20:47Z INFO Terminal] WRITE LINE: 
[2025-04-11 20:20:47Z INFO ConfigurationStore] IsConfigured()
[2025-04-11 20:20:47Z INFO ConfigurationStore] IsConfigured: True
[2025-04-11 20:20:47Z INFO ConfigurationStore] HasCredentials()
[2025-04-11 20:20:47Z INFO ConfigurationStore] stored True
[2025-04-11 20:20:47Z INFO HostContext] Well known directory 'Bin': 'C:\Users\isaur\OneDrive\Desktop\patient-management\actions-runner\bin'
[2025-04-11 20:20:47Z INFO HostContext] Well known directory 'Root': 'C:\Users\isaur\OneDrive\Desktop\patient-management\actions-runner'
[2025-04-11 20:20:47Z INFO HostContext] Well known config file 'RSACredentials': 'C:\Users\isaur\OneDrive\Desktop\patient-management\actions-runner\.credentials_rsaparams'
[2025-04-11 20:20:47Z INFO RSAEncryptedFileKeyManager] Deleting RSA key parameters file C:\Users\isaur\OneDrive\Desktop\patient-management\actions-runner\.credentials_rsaparams
[2025-04-11 20:20:47Z INFO Terminal] WRITE LINE: 
[2025-04-11 20:20:47Z INFO Listener] Runner execution has finished with return code 0
